Arguments: 
  /Users/nikita/.nvm/versions/node/v18.12.1/bin/node /Users/nikita/.node/corepack/yarn/1.22.15/bin/yarn.js init -Y

PATH: 
  /Users/nikita/.nvm/versions/node/v18.12.1/bin:/Users/nikita/.local/share/solana/install/active_release/bin:/Library/Frameworks/Python.framework/Versions/3.10/bin:/opt/homebrew/bin:/opt/homebrew/sbin:/usr/local/bin:/usr/bin:/bin:/usr/sbin:/sbin:/Users/nikita/.local/share/solana/install/active_release/bin:/Library/Frameworks/Python.framework/Versions/3.10/bin:/opt/homebrew/bin:/opt/homebrew/sbin:/Users/nikita/.cargo/bin

Yarn version: 
  1.22.15

Node version: 
  18.12.1

Platform: 
  darwin arm64

Trace: 
  Error: canceled
      at Interface.<anonymous> (/Users/nikita/.node/corepack/yarn/1.22.15/lib/cli.js:137145:13)
      at Interface.emit (node:events:513:28)
      at [_ttyWrite] [as _ttyWrite] (node:internal/readline/interface:1124:18)
      at ReadStream.onkeypress (node:internal/readline/interface:273:20)
      at ReadStream.emit (node:events:513:28)
      at emitKeys (node:internal/readline/utils:357:14)
      at emitKeys.next (<anonymous>)
      at ReadStream.onData (node:internal/readline/emitKeypressEvents:64:36)
      at ReadStream.emit (node:events:513:28)
      at addChunk (node:internal/streams/readable:324:12)

npm manifest: 
  No manifest

yarn manifest: 
  No manifest

Lockfile: 
  No lockfile
